2024-04-02T00:38:15.985477+0300 INFO Start base
2024-04-02T00:38:15.986575+0300 INFO Start base with 1 jobs
2024-04-02T00:38:15.987129+0300 INFO Start base with 1 jobs
2024-04-02T00:38:15.987654+0300 INFO Start base with 2 jobs
2024-04-02T00:38:15.988766+0300 INFO Start base with 2 jobs
2024-04-02T00:38:15.988766+0300 INFO Start base with 4 jobs
2024-04-02T00:38:15.989837+0300 INFO Start base with 4 jobs
2024-04-02T00:38:15.990374+0300 INFO Start base with 8 jobs
2024-04-02T00:38:15.990907+0300 INFO Start base with 8 jobs
2024-04-02T00:38:15.991438+0300 INFO Start base with 16 jobs
2024-04-02T00:38:15.991969+0300 INFO Start base with 16 jobs
2024-04-02T00:38:15.992474+0300 INFO End base
2024-04-02T00:38:15.992522+0300 INFO Start concurrent
2024-04-02T00:38:15.993632+0300 INFO Start ProcessPoolExecutor with 1 jobs
2024-04-02T00:38:16.518410+0300 INFO Start ProcessPoolExecutor with 2 jobs
2024-04-02T00:38:17.043102+0300 INFO Start ProcessPoolExecutor with 4 jobs
2024-04-02T00:38:17.585922+0300 INFO Start ProcessPoolExecutor with 8 jobs
2024-04-02T00:38:18.201422+0300 INFO Start ProcessPoolExecutor with 16 jobs
2024-04-02T00:38:19.021926+0300 INFO Start ThreadPoolExecutor with 1 jobs
2024-04-02T00:38:19.040918+0300 INFO Start ThreadPoolExecutor with 2 jobs
2024-04-02T00:38:19.061927+0300 INFO Start ThreadPoolExecutor with 4 jobs
2024-04-02T00:38:19.083006+0300 INFO Start ThreadPoolExecutor with 8 jobs
2024-04-02T00:38:19.103917+0300 INFO Start ThreadPoolExecutor with 16 jobs
2024-04-02T00:38:20.548262+0300 INFO Start base
2024-04-02T00:38:20.552264+0300 INFO Start base with 1 jobs
2024-04-02T00:38:20.558263+0300 INFO Start base with 1 jobs
2024-04-02T00:38:20.560263+0300 INFO Start base with 2 jobs
2024-04-02T00:38:20.563263+0300 INFO Start base with 2 jobs
2024-04-02T00:38:20.564264+0300 INFO Start base with 4 jobs
2024-04-02T00:38:20.565263+0300 INFO Start base with 4 jobs
2024-04-02T00:38:20.567263+0300 INFO Start base with 8 jobs
2024-04-02T00:38:20.569263+0300 INFO Start base with 8 jobs
2024-04-02T00:38:20.569263+0300 INFO Start base with 16 jobs
2024-04-02T00:38:20.571263+0300 INFO Start base with 16 jobs
2024-04-02T00:38:20.571263+0300 INFO End base
2024-04-02T00:38:20.572262+0300 INFO Start concurrent
2024-04-02T00:38:20.572262+0300 INFO Start ProcessPoolExecutor with 1 jobs
2024-04-02T00:38:21.125068+0300 INFO Start ProcessPoolExecutor with 2 jobs
2024-04-02T00:38:21.654276+0300 INFO Start ProcessPoolExecutor with 4 jobs
2024-04-02T00:38:22.192063+0300 INFO Start ProcessPoolExecutor with 8 jobs
2024-04-02T00:38:22.815560+0300 INFO Start ProcessPoolExecutor with 16 jobs
2024-04-02T00:38:23.677113+0300 INFO Start ThreadPoolExecutor with 1 jobs
2024-04-02T00:38:23.696120+0300 INFO Start ThreadPoolExecutor with 2 jobs
2024-04-02T00:38:23.717122+0300 INFO Start ThreadPoolExecutor with 4 jobs
2024-04-02T00:38:23.738113+0300 INFO Start ThreadPoolExecutor with 8 jobs
2024-04-02T00:38:23.781113+0300 INFO Start ThreadPoolExecutor with 16 jobs

2024-05-12 21:09:56.368 | INFO     | __main__:integrate_main:98 - Start base
2024-05-12 21:09:56.368 | INFO     | __main__:integrate_main:100 - Start base with 4 jobs
integrate took 0.17200064659118652 seconds
2024-05-12 21:09:56.540 | INFO     | __main__:integrate_main:102 - Start base with 4 jobs
2024-05-12 21:09:56.541 | INFO     | __main__:integrate_main:100 - Start base with 8 jobs
integrate took 0.17166972160339355 seconds
2024-05-12 21:09:56.712 | INFO     | __main__:integrate_main:102 - Start base with 8 jobs
2024-05-12 21:09:56.712 | INFO     | __main__:integrate_main:100 - Start base with 16 jobs
integrate took 0.17357182502746582 seconds
2024-05-12 21:09:56.886 | INFO     | __main__:integrate_main:102 - Start base with 16 jobs
2024-05-12 21:09:56.887 | INFO     | __main__:integrate_main:103 - End base
2024-05-12 21:09:56.887 | INFO     | __main__:integrate_main:104 - Start concurrent
2024-05-12 21:09:56.887 | INFO     | __main__:integrate_main:107 - Start ProcessPoolExecutor with 4 jobs
integrate_concurrent took 509.540678024292 seconds
2024-05-12 21:18:26.428 | INFO     | __main__:integrate_main:107 - Start ProcessPoolExecutor with 8 jobs
integrate_concurrent took 137.8325810432434 seconds
2024-05-12 21:20:44.261 | INFO     | __main__:integrate_main:107 - Start ProcessPoolExecutor with 16 jobs
integrate_concurrent took 44.51823568344116 seconds
2024-05-12 21:21:28.779 | INFO     | __main__:integrate_main:107 - Start ThreadPoolExecutor with 4 jobs
integrate_concurrent took 9.859214782714844 seconds
2024-05-12 21:21:38.640 | INFO     | __main__:integrate_main:107 - Start ThreadPoolExecutor with 8 jobs
integrate_concurrent took 4.502397298812866 seconds
2024-05-12 21:21:43.143 | INFO     | __main__:integrate_main:107 - Start ThreadPoolExecutor with 16 jobs
integrate_concurrent took 1.671278953552246 seconds